#
# A fatal error has been detected by the Java Runtime Environment:
#
#  EXCEPTION_ACCESS_VIOLATION (0xc0000005) at pc=0x00007ffdd74f0410, pid=23160, tid=23164
#
# JRE version: Java(TM) SE Runtime Environment (22.0.2+9) (build 22.0.2+9-70)
# Java VM: Java HotSpot(TM) 64-Bit Server VM (22.0.2+9-70, mixed mode, sharing, tiered, compressed oops, compressed class ptrs, g1 gc, windows-amd64)
# Problematic frame:
# V  [jvm.dll+0x3c0410]
#
# No core dump will be written. Minidumps are not enabled by default on client versions of Windows
#
# If you would like to submit a bug report, please visit:
#   https://bugreport.java.com/bugreport/crash.jsp
#

---------------  S U M M A R Y ------------

Command Line: -javaagent:C:\Program Files\JetBrains\IntelliJ IDEA Community Edition 2024.2.1\lib\idea_rt.jar=58950:C:\Program Files\JetBrains\IntelliJ IDEA Community Edition 2024.2.1\bin -Dfile.encoding=UTF-8 -Dsun.stdout.encoding=UTF-8 -Dsun.stderr.encoding=UTF-8 com.CRUD.sitema_de_cadastro.SitemaDeCadastroApplication

Host: Intel(R) Core(TM) i7-8565U CPU @ 1.80GHz, 8 cores, 19G,  Windows 11 , 64 bit Build 22621 (10.0.22621.3958)
Time: Sat Sep  7 17:25:44 2024 Hora oficial do Brasil elapsed time: 6.651320 seconds (0d 0h 0m 6s)

---------------  T H R E A D  ---------------

Current thread (0x00000293ae72b480):  JavaThread "C2 CompilerThread1" daemon [_thread_in_native, id=23164, stack(0x000000afa6400000,0x000000afa6500000) (1024K)]


Current CompileTask:
C2:6651 5978       4       org.springframework.beans.factory.support.AbstractBeanFactory::isTypeMatch (745 bytes)

Stack: [0x000000afa6400000,0x000000afa6500000],  sp=0x000000afa64fcd80,  free space=1011k
Native frames: (J=compiled Java code, j=interpreted, Vv=VM code, C=native code)
V  [jvm.dll+0x3c0410]  (no source info available)
V  [jvm.dll+0x3b9828]  (no source info available)
V  [jvm.dll+0x1df6f5]  (no source info available)
V  [jvm.dll+0x24793c]  (no source info available)
V  [jvm.dll+0x246e9f]  (no source info available)
V  [jvm.dll+0x1c4e80]  (no source info available)
V  [jvm.dll+0x2568f3]  (no source info available)
V  [jvm.dll+0x254baa]  (no source info available)
V  [jvm.dll+0x3f57a6]  (no source info available)
V  [jvm.dll+0x81dc0b]  (no source info available)
V  [jvm.dll+0x6e0d85]  (no source info available)
C  [ucrtbase.dll+0x29333]  (no source info available)
C  [KERNEL32.DLL+0x1257d]  (no source info available)
C  [ntdll.dll+0x5af28]  (no source info available)


siginfo: EXCEPTION_ACCESS_VIOLATION (0xc0000005), reading address 0x000002b3f6e22900


Registers:
RAX=0x0000000000000000, RBX=0x0000000000000020, RCX=0x0000000000000000, RDX=0x000002b3f6e22900
RSP=0x000000afa64fcd80, RBP=0x00007ffdd7d74a10, RSI=0x0000000000000020, RDI=0x000000afa64fcdd0
R8 =0x0000000000001fc0, R9 =0x0000000000000021, R10=0x0000000000001fc9, R11=0x0000000000000004
R12=0x0000000000000000, R13=0x0000000000000000, R14=0x000000afa64fcf00, R15=0x0000000000001d9f
RIP=0x00007ffdd74f0410, EFLAGS=0x0000000000010246


Register to memory mapping:

RAX=0x0 is null
RBX=0x0000000000000020 is an unknown value
RCX=0x0 is null
RDX=0x000002b3f6e22900 is an unknown value
RSP=0x000000afa64fcd80 is pointing into the stack for thread: 0x00000293ae72b480
RBP=0x00007ffdd7d74a10 jvm.dll
RSI=0x0000000000000020 is an unknown value
RDI=0x000000afa64fcdd0 is pointing into the stack for thread: 0x00000293ae72b480
R8 =0x0000000000001fc0 is an unknown value
R9 =0x0000000000000021 is an unknown value
R10=0x0000000000001fc9 is an unknown value
R11=0x0000000000000004 is an unknown value
R12=0x0 is null
R13=0x0 is null
R14=0x000000afa64fcf00 is pointing into the stack for thread: 0x00000293ae72b480
R15=0x0000000000001d9f is an unknown value

Top of Stack: (sp=0x000000afa64fcd80)
0x000000afa64fcd80:   0000000000002770 00007ffdd74f0564
0x000000afa64fcd90:   00000293fa7b4e40 00000293ae685f00
0x000000afa64fcda0:   0000000000000024 00007ffdd74e9828
0x000000afa64fcdb0:   0000000000001d9f 0000000000000001
0x000000afa64fcdc0:   0000000000000020 000000afa64fcf00
0x000000afa64fcdd0:   0000000000000000 0000000400001fc9
0x000000afa64fcde0:   0000002100000020 000002b3f6e22900
0x000000afa64fcdf0:   00000293f706e150 00000293fa9853b0
0x000000afa64fce00:   00000293f9228470 0000000000000000
0x000000afa64fce10:   00000293f9228460 000000afa64fd380
0x000000afa64fce20:   0000000000000001 00007ffdd730f6f5
0x000000afa64fce30:   000000afa64fd2a0 000000afa64fcf30
0x000000afa64fce40:   00000293f9228848 00000293f9228460
0x000000afa64fce50:   00007ffdd7b0a100 0000000000000000
0x000000afa64fce60:   000000010000c307 00000293f9228460
0x000000afa64fce70:   00000293f6b6ca70 00000293f6b71d60
0x000000afa64fce80:   00000293f6b74a58 0000000000a397b8
0x000000afa64fce90:   00000293f9228470 000000000000000e
0x000000afa64fcea0:   000000afa64f0000 0000000000000000
0x000000afa64fceb0:   0000000000000000 000000000000b700
0x000000afa64fcec0:   00000293f938a520 00007ffdd7af9e98
0x000000afa64fced0:   0000000000000000 000000afa64fe780
0x000000afa64fcee0:   0000000000000000 00007ffdd7af9e98
0x000000afa64fcef0:   0000000000000000 3fc3ace1f95a1a0f
0x000000afa64fcf00:   000002930000000c 000000afa64fe780
0x000000afa64fcf10:   00000293fa85d050 00000293f441d201
0x000000afa64fcf20:   00000293fa9f9050 000002930000278f
0x000000afa64fcf30:   000000afa64fce60 00000293f9228470
0x000000afa64fcf40:   00007ffdd7af9e68 000000000000000d
0x000000afa64fcf50:   000000afa64fe780 000000afa64fd2a0
0x000000afa64fcf60:   00000293000030d4 0000000000000000
0x000000afa64fcf70:   000000af0000000a 000000afa64fe780 

Instructions: (pc=0x00007ffdd74f0410)
0x00007ffdd74f0310:   48 8b 8e e0 08 00 00 48 85 c9 75 0c e8 2f 09 00
0x00007ffdd74f0320:   00 48 8b 8e e0 08 00 00 48 8b 01 0f 57 c0 48 89
0x00007ffdd74f0330:   86 e0 08 00 00 0f 11 01 0f 11 41 10 0f 10 45 00
0x00007ffdd74f0340:   0f 11 01 0f 10 4d 10 0f 11 49 10 48 8b 43 08 49
0x00007ffdd74f0350:   89 0c 06 48 8d 0d b6 46 88 00 ff c7 ba 70 00 00
0x00007ffdd74f0360:   00 3b bb 90 00 00 00 0f 82 63 ff ff ff 4c 8b 74
0x00007ffdd74f0370:   24 60 4c 8b 64 24 58 48 8b 6c 24 50 48 8b c3 48
0x00007ffdd74f0380:   83 c4 20 41 5f 41 5d 5f 5e 5b c3 cc cc cc cc cc
0x00007ffdd74f0390:   48 89 74 24 18 57 48 83 ec 20 8b 51 0c 48 8b f9
0x00007ffdd74f03a0:   83 fa 04 73 29 48 8b 49 18 0f 1f 80 00 00 00 00
0x00007ffdd74f03b0:   8b c2 44 8d 4a 01 48 83 3c c1 00 4c 8d 14 c1 0f
0x00007ffdd74f03c0:   85 91 00 00 00 41 8b d1 41 83 f9 04 72 e2 48 89
0x00007ffdd74f03d0:   5c 24 30 8b 5f 10 48 89 6c 24 38 3b 5f 14 73 5f
0x00007ffdd74f03e0:   48 8d 2d 29 46 88 00 66 0f 1f 84 00 00 00 00 00
0x00007ffdd74f03f0:   48 8b 47 20 8b cb 48 8b 14 c8 48 3b d5 74 39 33
0x00007ffdd74f0400:   c0 48 89 57 18 33 c9 66 0f 1f 84 00 00 00 00 00
0x00007ffdd74f0410:   48 83 3c 11 00 44 8d 48 01 75 78 48 83 c1 08 41
0x00007ffdd74f0420:   8b c1 41 83 f9 04 72 e8 48 8b 4f 28 48 85 c9 74
0x00007ffdd74f0430:   07 8b d3 e8 58 01 00 00 ff c3 3b 5f 14 72 b1 33
0x00007ffdd74f0440:   c0 48 8b 5c 24 30 48 8b 6c 24 38 48 8b 74 24 40
0x00007ffdd74f0450:   48 83 c4 20 5f c3 8b 47 10 48 8b 74 24 40 44 8d
0x00007ffdd74f0460:   04 82 41 c1 e0 06 41 81 c0 00 ff ff ff 44 89 47
0x00007ffdd74f0470:   08 49 8b 12 48 0f bc c2 44 89 4f 0c 8b c8 48 d3
0x00007ffdd74f0480:   ea 48 ff ca 41 03 c0 48 89 17 89 47 08 48 83 c4
0x00007ffdd74f0490:   20 5f c3 8b c8 44 8d 04 98 41 c1 e0 06 8d 43 01
0x00007ffdd74f04a0:   44 89 47 08 48 8b 14 ca 89 47 10 48 0f bc c2 44
0x00007ffdd74f04b0:   89 4f 0c 8b c8 48 d3 ea 48 ff ca 41 03 c0 48 89
0x00007ffdd74f04c0:   17 89 47 08 e9 78 ff ff ff cc cc cc cc cc cc cc
0x00007ffdd74f04d0:   40 53 48 83 ec 20 65 48 8b 04 25 58 00 00 00 8b
0x00007ffdd74f04e0:   0d 8f c5 8d 00 48 8b 1c c8 b8 70 00 00 00 80 3c
0x00007ffdd74f04f0:   18 00 75 05 e8 2f 55 55 00 b8 20 00 00 00 48 8b
0x00007ffdd74f0500:   04 18 48 8b 88 70 06 00 00 48 8b 99 80 00 00 00 


Stack slot to memory mapping:

stack at sp + 0 slots: 0x0000000000002770 is an unknown value
stack at sp + 1 slots: 0x00007ffdd74f0564 jvm.dll
stack at sp + 2 slots: 0x00000293fa7b4e40 is an unknown value
stack at sp + 3 slots: 0x00000293ae685f00 points into unknown readable memory: 0x0000000000000000 | 00 00 00 00 00 00 00 00
stack at sp + 4 slots: 0x0000000000000024 is an unknown value
stack at sp + 5 slots: 0x00007ffdd74e9828 jvm.dll
stack at sp + 6 slots: 0x0000000000001d9f is an unknown value
stack at sp + 7 slots: 0x0000000000000001 is an unknown value


---------------  P R O C E S S  ---------------

Threads class SMR info:
_java_thread_list=0x00000293f8702db0, length=25, elements={
0x000002938bd1fc50, 0x00000293ae381b20, 0x00000293ae382580, 0x00000293ae385e90,
0x00000293ae3868f0, 0x00000293ae3934b0, 0x00000293ae394040, 0x00000293ae3a2900,
0x00000293ae3a37c0, 0x00000293ae5c4f60, 0x00000293ae72b480, 0x00000293ae80e240,
0x00000293f41d40b0, 0x00000293f4cdf7f0, 0x00000293f494f910, 0x00000293f6894050,
0x00000293f6895400, 0x00000293f6896120, 0x00000293f6894d70, 0x00000293f6893330,
0x00000293f6895a90, 0x00000293f68946e0, 0x00000293f8b12a10, 0x00000293f44edfc0,
0x00000293f8b185f0
}

Java Threads: ( => current thread )
  0x000002938bd1fc50 JavaThread "main"                              [_thread_blocked, id=14232, stack(0x000000afa5300000,0x000000afa5400000) (1024K)]
  0x00000293ae381b20 JavaThread "Reference Handler"          daemon [_thread_blocked, id=17808, stack(0x000000afa5b00000,0x000000afa5c00000) (1024K)]
  0x00000293ae382580 JavaThread "Finalizer"                  daemon [_thread_blocked, id=8600, stack(0x000000afa5c00000,0x000000afa5d00000) (1024K)]
  0x00000293ae385e90 JavaThread "Signal Dispatcher"          daemon [_thread_blocked, id=22416, stack(0x000000afa5d00000,0x000000afa5e00000) (1024K)]
  0x00000293ae3868f0 JavaThread "Attach Listener"            daemon [_thread_blocked, id=22084, stack(0x000000afa5e00000,0x000000afa5f00000) (1024K)]
  0x00000293ae3934b0 JavaThread "Service Thread"             daemon [_thread_blocked, id=5612, stack(0x000000afa5f00000,0x000000afa6000000) (1024K)]
  0x00000293ae394040 JavaThread "Monitor Deflation Thread"   daemon [_thread_blocked, id=21896, stack(0x000000afa6000000,0x000000afa6100000) (1024K)]
  0x00000293ae3a2900 JavaThread "C2 CompilerThread0"         daemon [_thread_in_native, id=22984, stack(0x000000afa6100000,0x000000afa6200000) (1024K)]
  0x00000293ae3a37c0 JavaThread "C1 CompilerThread0"         daemon [_thread_blocked, id=14588, stack(0x000000afa6200000,0x000000afa6300000) (1024K)]
  0x00000293ae5c4f60 JavaThread "Common-Cleaner"             daemon [_thread_blocked, id=10120, stack(0x000000afa6300000,0x000000afa6400000) (1024K)]
=>0x00000293ae72b480 JavaThread "C2 CompilerThread1"         daemon [_thread_in_native, id=23164, stack(0x000000afa6400000,0x000000afa6500000) (1024K)]
  0x00000293ae80e240 JavaThread "Monitor Ctrl-Break"         daemon [_thread_in_native, id=23224, stack(0x000000afa6600000,0x000000afa6700000) (1024K)]
  0x00000293f41d40b0 JavaThread "Notification Thread"        daemon [_thread_blocked, id=7416, stack(0x000000afa6700000,0x000000afa6800000) (1024K)]
  0x00000293f4cdf7f0 JavaThread "Thread-0"                          [_thread_blocked, id=20396, stack(0x000000afa6e00000,0x000000afa6f00000) (1024K)]
  0x00000293f494f910 JavaThread "restartedMain"                     [_thread_in_Java, id=22296, stack(0x000000afa6f00000,0x000000afa7000000) (1024K)]
  0x00000293f6894050 JavaThread "MVStore background writer C:/Users/BrunoAlcantara/Documents/Estudo-Java/sistema-de-cadastro/data/exemplo.mv.db" daemon [_thread_blocked, id=21228, stack(0x000000afa7200000,0x000000afa7300000) (1024K)]
  0x00000293f6895400 JavaThread "HikariPool-1 housekeeper"   daemon [_thread_blocked, id=10320, stack(0x000000afa7300000,0x000000afa7400000) (1024K)]
  0x00000293f6896120 JavaThread "Catalina-utility-1"                [_thread_blocked, id=2704, stack(0x000000afa7400000,0x000000afa7500000) (1024K)]
  0x00000293f6894d70 JavaThread "Catalina-utility-2"                [_thread_blocked, id=5480, stack(0x000000afa7500000,0x000000afa7600000) (1024K)]
  0x00000293f6893330 JavaThread "container-0"                       [_thread_blocked, id=18336, stack(0x000000afa7600000,0x000000afa7700000) (1024K)]
  0x00000293f6895a90 JavaThread "HikariPool-1 connection adder" daemon [_thread_blocked, id=11216, stack(0x000000afa7700000,0x000000afa7800000) (1024K)]
  0x00000293f68946e0 JavaThread "H2-serialization"           daemon [_thread_blocked, id=23036, stack(0x000000afa7800000,0x000000afa7900000) (1024K)]
  0x00000293f8b12a10 JavaThread "H2-save"                    daemon [_thread_blocked, id=5704, stack(0x000000afa7900000,0x000000afa7a00000) (1024K)]
  0x00000293f44edfc0 JavaThread "C2 CompilerThread2"         daemon [_thread_in_native, id=23472, stack(0x000000afa6500000,0x000000afa6600000) (1024K)]
  0x00000293f8b185f0 Thread "Unknown thread"                        [id=19216, stack(0x000000afa8600000,0x000000afa8700000) (1024K)]
Total: 25

Other Threads:
  0x00000293ae3654c0 VMThread "VM Thread"                           [id=4652, stack(0x000000afa5a00000,0x000000afa5b00000) (1024K)]
  0x00000293ae34de90 WatcherThread "VM Periodic Task Thread"        [id=22016, stack(0x000000afa5900000,0x000000afa5a00000) (1024K)]
  0x000002938dfc01e0 WorkerThread "GC Thread#0"                     [id=2916, stack(0x000000afa5400000,0x000000afa5500000) (1024K)]
  0x00000293f4449a70 WorkerThread "GC Thread#1"                     [id=22176, stack(0x000000afa6800000,0x000000afa6900000) (1024K)]
  0x00000293f4449e20 WorkerThread "GC Thread#2"                     [id=10712, stack(0x000000afa6900000,0x000000afa6a00000) (1024K)]
  0x00000293f44da760 WorkerThread "GC Thread#3"                     [id=17252, stack(0x000000afa6a00000,0x000000afa6b00000) (1024K)]
  0x00000293f44dab10 WorkerThread "GC Thread#4"                     [id=20676, stack(0x000000afa6b00000,0x000000afa6c00000) (1024K)]
  0x00000293f44db6e0 WorkerThread "GC Thread#5"                     [id=22156, stack(0x000000afa6c00000,0x000000afa6d00000) (1024K)]
  0x00000293f44e8030 WorkerThread "GC Thread#6"                     [id=10792, stack(0x000000afa6d00000,0x000000afa6e00000) (1024K)]
  0x00000293f536f7d0 WorkerThread "GC Thread#7"                     [id=17216, stack(0x000000afa7100000,0x000000afa7200000) (1024K)]
  0x000002938dfcbaa0 ConcurrentGCThread "G1 Main Marker"            [id=11160, stack(0x000000afa5500000,0x000000afa5600000) (1024K)]
  0x000002938dfcc5b0 WorkerThread "G1 Conc#0"                       [id=22728, stack(0x000000afa5600000,0x000000afa5700000) (1024K)]
  0x00000293f62f5200 WorkerThread "G1 Conc#1"                       [id=20348, stack(0x000000afa7000000,0x000000afa7100000) (1024K)]
  0x00000293ae21f220 ConcurrentGCThread "G1 Refine#0"               [id=23144, stack(0x000000afa5700000,0x000000afa5800000) (1024K)]
  0x00000293ae223a80 ConcurrentGCThread "G1 Service"                [id=16540, stack(0x000000afa5800000,0x000000afa5900000) (1024K)]
Total: 15

Threads with active compile tasks:
C2 CompilerThread0  6822 6041       4       org.springframework.core.annotation.TypeMappedAnnotations::scan (66 bytes)
C2 CompilerThread1  6823 5978       4       org.springframework.beans.factory.support.AbstractBeanFactory::isTypeMatch (745 bytes)
C2 CompilerThread2  6823 6409 %     4       io.github.classgraph.ClasspathElementZip::scanPaths @ 517 (879 bytes)
Total: 3

VM state: not at safepoint (normal execution)

VM Mutex/Monitor currently owned by a thread: None

Heap address: 0x00000006c1c00000, size: 5092 MB, Compressed Oops mode: Zero based, Oop shift amount: 3

CDS archive(s) mapped at: [0x00000293af000000-0x00000293afc60000-0x00000293afc60000), size 12976128, SharedBaseAddress: 0x00000293af000000, ArchiveRelocationMode: 1.
Compressed class space mapped at: 0x00000293b0000000-0x00000293f0000000, reserved size: 1073741824
Narrow klass base: 0x00000293af000000, Narrow klass shift: 0, Narrow klass range: 0x41000000

GC Precious Log:
 CardTable entry size: 512
 Card Set container configuration: InlinePtr #cards 4 size 8 Array Of Cards #cards 32 size 80 Howl #buckets 8 coarsen threshold 7372 Howl Bitmap #cards 1024 size 144 coarsen threshold 921 Card regions per heap region 1 cards per card region 8192
 CPUs: 8 total, 8 available
 Memory: 20360M
 Large Page Support: Disabled
 NUMA Support: Disabled
 Compressed Oops: Enabled (Zero based)
 Heap Region Size: 4M
 Heap Min Capacity: 8M
 Heap Initial Capacity: 320M
 Heap Max Capacity: 5092M
 Pre-touch: Disabled
 Parallel Workers: 8
 Concurrent Workers: 2
 Concurrent Refinement Workers: 8
 Periodic GC: Disabled

Heap:
 garbage-first heap   total reserved 5214208K, committed 200704K, used 53319K [0x00000006c1c00000, 0x0000000800000000)
  region size 4096K, 5 young (20480K), 4 survivors (16384K)
 Metaspace       used 67851K, committed 68672K, reserved 1114112K
  class space    used 9190K, committed 9536K, reserved 1048576K

Heap Regions: E=young(eden), S=young(survivor), O=old, HS=humongous(starts), HC=humongous(continues), CS=collection set, F=free, TAMS=top-at-mark-start, PB=parsable bottom
|   0|0x00000006c1c00000, 0x00000006c2000000, 0x00000006c2000000|100%| O|  |TAMS 0x00000006c1c00000| PB 0x00000006c1c00000| Untracked |  0
|   1|0x00000006c2000000, 0x00000006c2400000, 0x00000006c2400000|100%| O|  |TAMS 0x00000006c2000000| PB 0x00000006c2000000| Untracked |  0
|   2|0x00000006c2400000, 0x00000006c2800000, 0x00000006c2800000|100%| O|  |TAMS 0x00000006c2400000| PB 0x00000006c2400000| Untracked |  0
|   3|0x00000006c2800000, 0x00000006c2c00000, 0x00000006c2c00000|100%| O|  |TAMS 0x00000006c2800000| PB 0x00000006c2800000| Untracked |  0
|   4|0x00000006c2c00000, 0x00000006c3000000, 0x00000006c3000000|100%| O|  |TAMS 0x00000006c2c00000| PB 0x00000006c2c00000| Untracked |  0
|   5|0x00000006c3000000, 0x00000006c3400000, 0x00000006c3400000|100%| O|  |TAMS 0x00000006c3000000| PB 0x00000006c3000000| Untracked |  0
|   6|0x00000006c3400000, 0x00000006c3800000, 0x00000006c3800000|100%| O|  |TAMS 0x00000006c3400000| PB 0x00000006c3400000| Untracked |  0
|   7|0x00000006c3800000, 0x00000006c3c00000, 0x00000006c3c00000|100%| O|  |TAMS 0x00000006c3800000| PB 0x00000006c3800000| Untracked |  0
|   8|0x00000006c3c00000, 0x00000006c4000000, 0x00000006c4000000|100%| O|  |TAMS 0x00000006c3c00000| PB 0x00000006c3c00000| Untracked |  0
|   9|0x00000006c4000000, 0x00000006c43777a0, 0x00000006c4400000| 86%| O|  |TAMS 0x00000006c4000000| PB 0x00000006c4000000| Untracked |  0
|  10|0x00000006c4400000, 0x00000006c4400000, 0x00000006c4800000|  0%| F|  |TAMS 0x00000006c4400000| PB 0x00000006c4400000| Untracked |  0
|  11|0x00000006c4800000, 0x00000006c4800000, 0x00000006c4c00000|  0%| F|  |TAMS 0x00000006c4800000| PB 0x00000006c4800000| Untracked |  0
|  12|0x00000006c4c00000, 0x00000006c4c00000, 0x00000006c5000000|  0%| F|  |TAMS 0x00000006c4c00000| PB 0x00000006c4c00000| Untracked |  0
|  13|0x00000006c5000000, 0x00000006c5000000, 0x00000006c5400000|  0%| F|  |TAMS 0x00000006c5000000| PB 0x00000006c5000000| Untracked |  0
|  14|0x00000006c5400000, 0x00000006c5400000, 0x00000006c5800000|  0%| F|  |TAMS 0x00000006c5400000| PB 0x00000006c5400000| Untracked |  0
|  15|0x00000006c5800000, 0x00000006c5800000, 0x00000006c5c00000|  0%| F|  |TAMS 0x00000006c5800000| PB 0x00000006c5800000| Untracked |  0
|  16|0x00000006c5c00000, 0x00000006c5c9a6f0, 0x00000006c6000000| 15%| S|CS|TAMS 0x00000006c5c00000| PB 0x00000006c5c00000| Complete |  0
|  17|0x00000006c6000000, 0x00000006c6000000, 0x00000006c6400000|  0%| F|  |TAMS 0x00000006c6000000| PB 0x00000006c6000000| Untracked |  0
|  18|0x00000006c6400000, 0x00000006c6400000, 0x00000006c6800000|  0%| F|  |TAMS 0x00000006c6400000| PB 0x00000006c6400000| Untracked |  0
|  19|0x00000006c6800000, 0x00000006c6800000, 0x00000006c6c00000|  0%| F|  |TAMS 0x00000006c6800000| PB 0x00000006c6800000| Untracked |  0
|  20|0x00000006c6c00000, 0x00000006c6c00000, 0x00000006c7000000|  0%| F|  |TAMS 0x00000006c6c00000| PB 0x00000006c6c00000| Untracked |  0
|  21|0x00000006c7000000, 0x00000006c7400000, 0x00000006c7400000|100%| S|CS|TAMS 0x00000006c7000000| PB 0x00000006c7000000| Complete |  0
|  22|0x00000006c7400000, 0x00000006c7800000, 0x00000006c7800000|100%| S|CS|TAMS 0x00000006c7400000| PB 0x00000006c7400000| Complete |  0
|  23|0x00000006c7800000, 0x00000006c7c00000, 0x00000006c7c00000|100%| S|CS|TAMS 0x00000006c7800000| PB 0x00000006c7800000| Complete |  0
|  24|0x00000006c7c00000, 0x00000006c7c00000, 0x00000006c8000000|  0%| F|  |TAMS 0x00000006c7c00000| PB 0x00000006c7c00000| Untracked |  0
|  25|0x00000006c8000000, 0x00000006c8000000, 0x00000006c8400000|  0%| F|  |TAMS 0x00000006c8000000| PB 0x00000006c8000000| Untracked |  0
|  26|0x00000006c8400000, 0x00000006c8400000, 0x00000006c8800000|  0%| F|  |TAMS 0x00000006c8400000| PB 0x00000006c8400000| Untracked |  0
|  27|0x00000006c8800000, 0x00000006c8800000, 0x00000006c8c00000|  0%| F|  |TAMS 0x00000006c8800000| PB 0x00000006c8800000| Untracked |  0
|  28|0x00000006c8c00000, 0x00000006c8c00000, 0x00000006c9000000|  0%| F|  |TAMS 0x00000006c8c00000| PB 0x00000006c8c00000| Untracked |  0
|  29|0x00000006c9000000, 0x00000006c9000000, 0x00000006c9400000|  0%| F|  |TAMS 0x00000006c9000000| PB 0x00000006c9000000| Untracked |  0
|  30|0x00000006c9400000, 0x00000006c9400000, 0x00000006c9800000|  0%| F|  |TAMS 0x00000006c9400000| PB 0x00000006c9400000| Untracked |  0
|  31|0x00000006c9800000, 0x00000006c9800000, 0x00000006c9c00000|  0%| F|  |TAMS 0x00000006c9800000| PB 0x00000006c9800000| Untracked |  0
|  32|0x00000006c9c00000, 0x00000006c9c00000, 0x00000006ca000000|  0%| F|  |TAMS 0x00000006c9c00000| PB 0x00000006c9c00000| Untracked |  0
|  33|0x00000006ca000000, 0x00000006ca000000, 0x00000006ca400000|  0%| F|  |TAMS 0x00000006ca000000| PB 0x00000006ca000000| Untracked |  0
|  34|0x00000006ca400000, 0x00000006ca400000, 0x00000006ca800000|  0%| F|  |TAMS 0x00000006ca400000| PB 0x00000006ca400000| Untracked |  0
|  35|0x00000006ca800000, 0x00000006ca800000, 0x00000006cac00000|  0%| F|  |TAMS 0x00000006ca800000| PB 0x00000006ca800000| Untracked |  0
|  36|0x00000006cac00000, 0x00000006cac00000, 0x00000006cb000000|  0%| F|  |TAMS 0x00000006cac00000| PB 0x00000006cac00000| Untracked |  0
|  37|0x00000006cb000000, 0x00000006cb000000, 0x00000006cb400000|  0%| F|  |TAMS 0x00000006cb000000| PB 0x00000006cb000000| Untracked |  0
|  38|0x00000006cb400000, 0x00000006cb400000, 0x00000006cb800000|  0%| F|  |TAMS 0x00000006cb400000| PB 0x00000006cb400000| Untracked |  0
|  39|0x00000006cb800000, 0x00000006cb800000, 0x00000006cbc00000|  0%| F|  |TAMS 0x00000006cb800000| PB 0x00000006cb800000| Untracked |  0
|  40|0x00000006cbc00000, 0x00000006cbc00000, 0x00000006cc000000|  0%| F|  |TAMS 0x00000006cbc00000| PB 0x00000006cbc00000| Untracked |  0
|  41|0x00000006cc000000, 0x00000006cc000000, 0x00000006cc400000|  0%| F|  |TAMS 0x00000006cc000000| PB 0x00000006cc000000| Untracked |  0
|  42|0x00000006cc400000, 0x00000006cc400000, 0x00000006cc800000|  0%| F|  |TAMS 0x00000006cc400000| PB 0x00000006cc400000| Untracked |  0
|  43|0x00000006cc800000, 0x00000006cc800000, 0x00000006ccc00000|  0%| F|  |TAMS 0x00000006cc800000| PB 0x00000006cc800000| Untracked |  0
|  44|0x00000006ccc00000, 0x00000006ccc00000, 0x00000006cd000000|  0%| F|  |TAMS 0x00000006ccc00000| PB 0x00000006ccc00000| Untracked |  0
|  45|0x00000006cd000000, 0x00000006cd000000, 0x00000006cd400000|  0%| F|  |TAMS 0x00000006cd000000| PB 0x00000006cd000000| Untracked |  0
|  64|0x00000006d1c00000, 0x00000006d1c00000, 0x00000006d2000000|  0%| F|  |TAMS 0x00000006d1c00000| PB 0x00000006d1c00000| Untracked |  0
|  65|0x00000006d2000000, 0x00000006d2000000, 0x00000006d2400000|  0%| F|  |TAMS 0x00000006d2000000| PB 0x00000006d2000000| Untracked |  0
|  79|0x00000006d5800000, 0x00000006d5af0100, 0x00000006d5c00000| 73%| E|  |TAMS 0x00000006d5800000| PB 0x00000006d5800000| Complete |  0

Card table byte_map: [0x00000293a5fc0000,0x00000293a69c0000] _byte_map_base: 0x00000293a29b2000

Marking Bits: (CMBitMap*) 0x000002938dfc08f0
 Bits: [0x00000293a69c0000, 0x00000293ab950000)

Polling page: 0x000002938d700000

Metaspace:

Usage:
  Non-class:     57.29 MB used.
      Class:      8.98 MB used.
       Both:     66.26 MB used.

Virtual space:
  Non-class space:       64.00 MB reserved,      57.75 MB ( 90%) committed,  1 nodes.
      Class space:        1.00 GB reserved,       9.31 MB ( <1%) committed,  1 nodes.
             Both:        1.06 GB reserved,      67.06 MB (  6%) committed. 

Chunk freelists:
   Non-Class:  5.94 MB
       Class:  6.68 MB
        Both:  12.62 MB

MaxMetaspaceSize: unlimited
CompressedClassSpaceSize: 1.00 GB
Initial GC threshold: 21.00 MB
Current GC threshold: 99.06 MB
CDS: on
 - commit_granule_bytes: 65536.
 - commit_granule_words: 8192.
 - virtual_space_node_default_size: 8388608.
 - enlarge_chunks_in_place: 1.
 - use_allocation_guard: 0.


Internal statistics:

num_allocs_failed_limit: 12.
num_arena_births: 1074.
num_arena_deaths: 0.
num_vsnodes_births: 2.
num_vsnodes_deaths: 0.
num_space_committed: 1073.
num_space_uncommitted: 0.
num_chunks_returned_to_freelist: 12.
num_chunks_taken_from_freelist: 3509.
num_chunk_merges: 12.
num_chunk_splits: 2526.
num_chunks_enlarged: 1920.
num_inconsistent_stats: 0.

CodeHeap 'non-profiled nmethods': size=120000Kb used=3880Kb max_used=3880Kb free=116119Kb
 bounds [0x000002939dd60000, 0x000002939e130000, 0x00000293a5290000]
CodeHeap 'profiled nmethods': size=120000Kb used=11695Kb max_used=11695Kb free=108304Kb
 bounds [0x0000029396290000, 0x0000029396e00000, 0x000002939d7c0000]
CodeHeap 'non-nmethods': size=5760Kb used=1717Kb max_used=1807Kb free=4042Kb
 bounds [0x000002939d7c0000, 0x000002939da30000, 0x000002939dd60000]
 total_blobs=6467 nmethods=5721 adapters=650
 compilation: enabled
              stopped_count=0, restarted_count=0
 full_count=0

Compilation events (20 events):
Event: 6.619 Thread 0x00000293ae3a2900 nmethod 6539 0x000002939e11c610 code [0x000002939e11c7c0, 0x000002939e11cbc0]
Event: 6.619 Thread 0x00000293ae3a2900 6447       4       java.lang.CharacterDataLatin1::toUpperCase (67 bytes)
Event: 6.620 Thread 0x00000293ae3a2900 nmethod 6447 0x000002939e11ce90 code [0x000002939e11d000, 0x000002939e11d0c0]
Event: 6.620 Thread 0x00000293ae3a2900 6547       4       java.lang.ThreadLocal$ThreadLocalMap::getEntry (42 bytes)
Event: 6.621 Thread 0x00000293ae3a37c0 6549       2       nonapi.io.github.classgraph.fastzipfilereader.ZipFileSlice::appendPath (39 bytes)
Event: 6.622 Thread 0x00000293ae3a37c0 nmethod 6549 0x0000029396ddaf90 code [0x0000029396ddb160, 0x0000029396ddb348]
Event: 6.623 Thread 0x00000293ae3a2900 nmethod 6547 0x000002939e11d190 code [0x000002939e11d320, 0x000002939e11d478]
Event: 6.623 Thread 0x00000293ae3a2900 6548       4       java.lang.ThreadLocal::get (35 bytes)
Event: 6.627 Thread 0x00000293ae3a2900 nmethod 6548 0x000002939e11d590 code [0x000002939e11d740, 0x000002939e11d8f0]
Event: 6.627 Thread 0x00000293ae3a2900 6550       4       java.nio.ByteBuffer::limit (8 bytes)
Event: 6.627 Thread 0x00000293ae3a37c0 6551       3       sun.nio.fs.WindowsPath::hashCode (52 bytes)
Event: 6.629 Thread 0x00000293ae3a37c0 nmethod 6551 0x0000029396ddb490 code [0x0000029396ddb6e0, 0x0000029396ddc048]
Event: 6.629 Thread 0x00000293ae3a2900 nmethod 6550 0x000002939e11da90 code [0x000002939e11dc20, 0x000002939e11dd38]
Event: 6.629 Thread 0x00000293ae3a2900 5885       4       org.springframework.beans.factory.support.DefaultSingletonBeanRegistry::isSingletonCurrentlyInCreation (11 bytes)
Event: 6.631 Thread 0x00000293ae3a37c0 6553   !   2       java.io.RandomAccessFile::open (27 bytes)
Event: 6.632 Thread 0x00000293ae3a37c0 nmethod 6553 0x0000029396ddc410 code [0x0000029396ddc5e0, 0x0000029396ddc7b0]
Event: 6.632 Thread 0x00000293ae3a37c0 6554       2       java.util.IdentityHashMap::init (11 bytes)
Event: 6.632 Thread 0x00000293ae3a37c0 nmethod 6554 0x0000029396ddc910 code [0x0000029396ddcaa0, 0x0000029396ddcc98]
Event: 6.632 Thread 0x00000293ae3a37c0 6555       2       java.lang.Thread::checkAccess (14 bytes)
Event: 6.633 Thread 0x00000293ae3a37c0 nmethod 6555 0x0000029396962f90 code [0x0000029396963120, 0x0000029396963228]

GC Heap History (20 events):
Event: 2.566 GC heap before
{Heap before GC invocations=4 (full 0):
 garbage-first heap   total reserved 5214208K, committed 57344K, used 54721K [0x00000006c1c00000, 0x0000000800000000)
  region size 4096K, 12 young (49152K), 2 survivors (8192K)
 Metaspace       used 25883K, committed 26240K, reserved 1114112K
  class space    used 3220K, committed 3392K, reserved 1048576K
}
Event: 2.573 GC heap after
{Heap after GC invocations=5 (full 0):
 garbage-first heap   total reserved 5214208K, committed 69632K, used 16921K [0x00000006c1c00000, 0x0000000800000000)
  region size 4096K, 3 young (12288K), 3 survivors (12288K)
 Metaspace       used 25883K, committed 26240K, reserved 1114112K
  class space    used 3220K, committed 3392K, reserved 1048576K
}
Event: 3.050 GC heap before
{Heap before GC invocations=5 (full 0):
 garbage-first heap   total reserved 5214208K, committed 69632K, used 45593K [0x00000006c1c00000, 0x0000000800000000)
  region size 4096K, 10 young (40960K), 3 survivors (12288K)
 Metaspace       used 30659K, committed 31168K, reserved 1114112K
  class space    used 3883K, committed 4096K, reserved 1048576K
}
Event: 3.057 GC heap after
{Heap after GC invocations=6 (full 0):
 garbage-first heap   total reserved 5214208K, committed 69632K, used 19642K [0x00000006c1c00000, 0x0000000800000000)
  region size 4096K, 2 young (8192K), 2 survivors (8192K)
 Metaspace       used 30659K, committed 31168K, reserved 1114112K
  class space    used 3883K, committed 4096K, reserved 1048576K
}
Event: 3.267 GC heap before
{Heap before GC invocations=6 (full 0):
 garbage-first heap   total reserved 5214208K, committed 69632K, used 48314K [0x00000006c1c00000, 0x0000000800000000)
  region size 4096K, 9 young (36864K), 2 survivors (8192K)
 Metaspace       used 32694K, committed 33216K, reserved 1114112K
  class space    used 4106K, committed 4352K, reserved 1048576K
}
Event: 3.272 GC heap after
{Heap after GC invocations=7 (full 0):
 garbage-first heap   total reserved 5214208K, committed 69632K, used 23175K [0x00000006c1c00000, 0x0000000800000000)
  region size 4096K, 2 young (8192K), 2 survivors (8192K)
 Metaspace       used 32694K, committed 33216K, reserved 1114112K
  class space    used 4106K, committed 4352K, reserved 1048576K
}
Event: 3.445 GC heap before
{Heap before GC invocations=7 (full 0):
 garbage-first heap   total reserved 5214208K, committed 69632K, used 31367K [0x00000006c1c00000, 0x0000000800000000)
  region size 4096K, 5 young (20480K), 2 survivors (8192K)
 Metaspace       used 35530K, committed 35968K, reserved 1114112K
  class space    used 4407K, committed 4608K, reserved 1048576K
}
Event: 3.449 GC heap after
{Heap after GC invocations=8 (full 0):
 garbage-first heap   total reserved 5214208K, committed 69632K, used 24804K [0x00000006c1c00000, 0x0000000800000000)
  region size 4096K, 2 young (8192K), 2 survivors (8192K)
 Metaspace       used 35530K, committed 35968K, reserved 1114112K
  class space    used 4407K, committed 4608K, reserved 1048576K
}
Event: 3.960 GC heap before
{Heap before GC invocations=9 (full 0):
 garbage-first heap   total reserved 5214208K, committed 69632K, used 53476K [0x00000006c1c00000, 0x0000000800000000)
  region size 4096K, 9 young (36864K), 2 survivors (8192K)
 Metaspace       used 43070K, committed 43584K, reserved 1114112K
  class space    used 5457K, committed 5696K, reserved 1048576K
}
Event: 3.964 GC heap after
{Heap after GC invocations=10 (full 0):
 garbage-first heap   total reserved 5214208K, committed 69632K, used 26581K [0x00000006c1c00000, 0x0000000800000000)
  region size 4096K, 1 young (4096K), 1 survivors (4096K)
 Metaspace       used 43070K, committed 43584K, reserved 1114112K
  class space    used 5457K, committed 5696K, reserved 1048576K
}
Event: 4.629 GC heap before
{Heap before GC invocations=10 (full 0):
 garbage-first heap   total reserved 5214208K, committed 69632K, used 55253K [0x00000006c1c00000, 0x0000000800000000)
  region size 4096K, 8 young (32768K), 1 survivors (4096K)
 Metaspace       used 49661K, committed 50304K, reserved 1114112K
  class space    used 6506K, committed 6784K, reserved 1048576K
}
Event: 4.633 GC heap after
{Heap after GC invocations=11 (full 0):
 garbage-first heap   total reserved 5214208K, committed 69632K, used 27770K [0x00000006c1c00000, 0x0000000800000000)
  region size 4096K, 1 young (4096K), 1 survivors (4096K)
 Metaspace       used 49661K, committed 50304K, reserved 1114112K
  class space    used 6506K, committed 6784K, reserved 1048576K
}
Event: 5.091 GC heap before
{Heap before GC invocations=11 (full 0):
 garbage-first heap   total reserved 5214208K, committed 69632K, used 56442K [0x00000006c1c00000, 0x0000000800000000)
  region size 4096K, 8 young (32768K), 1 survivors (4096K)
 Metaspace       used 58544K, committed 59200K, reserved 1114112K
  class space    used 7911K, committed 8192K, reserved 1048576K
}
Event: 5.095 GC heap after
{Heap after GC invocations=12 (full 0):
 garbage-first heap   total reserved 5214208K, committed 69632K, used 29455K [0x00000006c1c00000, 0x0000000800000000)
  region size 4096K, 1 young (4096K), 1 survivors (4096K)
 Metaspace       used 58544K, committed 59200K, reserved 1114112K
  class space    used 7911K, committed 8192K, reserved 1048576K
}
Event: 5.160 GC heap before
{Heap before GC invocations=12 (full 0):
 garbage-first heap   total reserved 5214208K, committed 69632K, used 33551K [0x00000006c1c00000, 0x0000000800000000)
  region size 4096K, 3 young (12288K), 1 survivors (4096K)
 Metaspace       used 59810K, committed 60480K, reserved 1114112K
  class space    used 8128K, committed 8448K, reserved 1048576K
}
Event: 5.163 GC heap after
{Heap after GC invocations=13 (full 0):
 garbage-first heap   total reserved 5214208K, committed 69632K, used 29696K [0x00000006c1c00000, 0x0000000800000000)
  region size 4096K, 1 young (4096K), 1 survivors (4096K)
 Metaspace       used 59810K, committed 60480K, reserved 1114112K
  class space    used 8128K, committed 8448K, reserved 1048576K
}
Event: 5.661 GC heap before
{Heap before GC invocations=14 (full 0):
 garbage-first heap   total reserved 5214208K, committed 69632K, used 58368K [0x00000006c1c00000, 0x0000000800000000)
  region size 4096K, 8 young (32768K), 1 survivors (4096K)
 Metaspace       used 64433K, committed 65152K, reserved 1114112K
  class space    used 8796K, committed 9088K, reserved 1048576K
}
Event: 5.665 GC heap after
{Heap after GC invocations=15 (full 0):
 garbage-first heap   total reserved 5214208K, committed 200704K, used 32285K [0x00000006c1c00000, 0x0000000800000000)
  region size 4096K, 1 young (4096K), 1 survivors (4096K)
 Metaspace       used 64433K, committed 65152K, reserved 1114112K
  class space    used 8796K, committed 9088K, reserved 1048576K
}
Event: 6.339 GC heap before
{Heap before GC invocations=15 (full 0):
 garbage-first heap   total reserved 5214208K, committed 200704K, used 146973K [0x00000006c1c00000, 0x0000000800000000)
  region size 4096K, 29 young (118784K), 1 survivors (4096K)
 Metaspace       used 67676K, committed 68352K, reserved 1114112K
  class space    used 9186K, committed 9472K, reserved 1048576K
}
Event: 6.358 GC heap after
{Heap after GC invocations=16 (full 0):
 garbage-first heap   total reserved 5214208K, committed 200704K, used 44963K [0x00000006c1c00000, 0x0000000800000000)
  region size 4096K, 4 young (16384K), 4 survivors (16384K)
 Metaspace       used 67676K, committed 68352K, reserved 1114112K
  class space    used 9186K, committed 9472K, reserved 1048576K
}

Dll operation events (15 events):
Event: 0.008 Loaded shared library C:\Program Files\Java\jdk-22\bin\java.dll
Event: 0.039 Loaded shared library C:\Program Files\Java\jdk-22\bin\jsvml.dll
Event: 0.121 Loaded shared library C:\Program Files\Java\jdk-22\bin\zip.dll
Event: 0.124 Loaded shared library C:\Program Files\Java\jdk-22\bin\instrument.dll
Event: 0.129 Loaded shared library C:\Program Files\Java\jdk-22\bin\net.dll
Event: 0.131 Loaded shared library C:\Program Files\Java\jdk-22\bin\nio.dll
Event: 0.134 Loaded shared library C:\Program Files\Java\jdk-22\bin\zip.dll
Event: 0.273 Loaded shared library C:\Program Files\JetBrains\IntelliJ IDEA Community Edition 2024.2.1\bin\breakgen64.dll
Event: 0.289 Loaded shared library C:\Program Files\Java\jdk-22\bin\extnet.dll
Event: 0.338 Loaded shared library C:\Program Files\Java\jdk-22\bin\jimage.dll
Event: 0.607 Loaded shared library C:\Program Files\Java\jdk-22\bin\management.dll
Event: 0.610 Loaded shared library C:\Program Files\Java\jdk-22\bin\management_ext.dll
Event: 1.117 Loaded shared library C:\Program Files\Java\jdk-22\bin\le.dll
Event: 1.504 Loaded shared library C:\Program Files\Java\jdk-22\bin\sunmscapi.dll
Event: 3.908 Loaded shared library C:\Program Files\Java\jdk-22\bin\verify.dll

Deoptimization events (20 events):
Event: 6.471 Thread 0x00000293f8b14450 DEOPT PACKING pc=0x0000029396cbf078 sp=0x000000afa7efe320
Event: 6.471 Thread 0x00000293f8b14450 DEOPT UNPACKING pc=0x000002939d814e42 sp=0x000000afa7efd8d8 mode 0
Event: 6.481 Thread 0x00000293f8b178d0 DEOPT PACKING pc=0x0000029396cbf078 sp=0x000000afa83fe270
Event: 6.481 Thread 0x00000293f8b178d0 DEOPT UNPACKING pc=0x000002939d814e42 sp=0x000000afa83fd828 mode 0
Event: 6.484 Thread 0x00000293f8b13730 DEOPT PACKING pc=0x0000029396cbf078 sp=0x000000afa85fe550
Event: 6.484 Thread 0x00000293f8b13730 DEOPT UNPACKING pc=0x000002939d814e42 sp=0x000000afa85fdb08 mode 0
Event: 6.487 Thread 0x00000293f8b130a0 DEOPT PACKING pc=0x0000029396cbf078 sp=0x000000afa82fe340
Event: 6.487 Thread 0x00000293f8b130a0 DEOPT UNPACKING pc=0x000002939d814e42 sp=0x000000afa82fd8f8 mode 0
Event: 6.496 Thread 0x00000293f8b185f0 DEOPT PACKING pc=0x0000029396cbf078 sp=0x000000afa81fe240
Event: 6.496 Thread 0x00000293f8b185f0 DEOPT UNPACKING pc=0x000002939d814e42 sp=0x000000afa81fd7f8 mode 0
Event: 6.506 Thread 0x00000293f8b17f60 DEOPT PACKING pc=0x0000029396cbf078 sp=0x000000afa86fe3d0
Event: 6.506 Thread 0x00000293f8b17f60 DEOPT UNPACKING pc=0x000002939d814e42 sp=0x000000afa86fd988 mode 0
Event: 6.543 Thread 0x00000293f8b15800 DEOPT PACKING pc=0x0000029396c9c255 sp=0x000000afa80fe0a0
Event: 6.543 Thread 0x00000293f8b15800 DEOPT UNPACKING pc=0x000002939d814e42 sp=0x000000afa80fd548 mode 0
Event: 6.603 Thread 0x00000293f494f910 DEOPT PACKING pc=0x0000029396468b68 sp=0x000000afa6ffcf70
Event: 6.603 Thread 0x00000293f494f910 DEOPT UNPACKING pc=0x000002939d814e42 sp=0x000000afa6ffc458 mode 0
Event: 6.612 Thread 0x00000293f494f910 DEOPT PACKING pc=0x0000029396468b68 sp=0x000000afa6ffcf70
Event: 6.612 Thread 0x00000293f494f910 DEOPT UNPACKING pc=0x000002939d814e42 sp=0x000000afa6ffc458 mode 0
Event: 6.627 Thread 0x00000293f8b15170 DEOPT PACKING pc=0x0000029396cd61f0 sp=0x000000afa80fec10
Event: 6.627 Thread 0x00000293f8b15170 DEOPT UNPACKING pc=0x000002939d814e42 sp=0x000000afa80fe120 mode 0

Classes loaded (20 events):
Event: 5.795 Loading class sun/reflect/annotation/TypeAnnotation$LocationInfo
Event: 5.795 Loading class sun/reflect/annotation/TypeAnnotation$LocationInfo done
Event: 5.795 Loading class sun/reflect/annotation/TypeAnnotation$LocationInfo$Location
Event: 5.795 Loading class sun/reflect/annotation/TypeAnnotation$LocationInfo$Location done
Event: 5.870 Loading class java/util/EnumMap$EntrySet
Event: 5.870 Loading class java/util/EnumMap$EntrySet done
Event: 5.870 Loading class java/util/EnumMap$EntryIterator
Event: 5.870 Loading class java/util/EnumMap$EnumMapIterator
Event: 5.870 Loading class java/util/EnumMap$EnumMapIterator done
Event: 5.870 Loading class java/util/EnumMap$EntryIterator done
Event: 5.916 Loading class sun/misc/Unsafe
Event: 5.916 Loading class sun/misc/Unsafe done
Event: 5.935 Loading class java/lang/LayerInstantiationException
Event: 5.935 Loading class java/lang/LayerInstantiationException done
Event: 5.935 Loading class jdk/internal/loader/Loader
Event: 5.935 Loading class jdk/internal/loader/Loader done
Event: 5.993 Loading class java/nio/ReadOnlyBufferException
Event: 5.993 Loading class java/nio/ReadOnlyBufferException done
Event: 5.994 Loading class java/util/zip/DataFormatException
Event: 5.995 Loading class java/util/zip/DataFormatException done

Classes unloaded (0 events):
No events

Classes redefined (0 events):
No events

Internal exceptions (20 events):
Event: 6.616 Thread 0x00000293f8b16520 Exception <a 'sun/nio/fs/WindowsException'{0x00000006ca432350}> (0x00000006ca432350) 
thrown [s\open\src\hotspot\share\prims\jni.cpp, line 520]
Event: 6.616 Thread 0x00000293f8b16520 Exception <a 'sun/nio/fs/WindowsException'{0x00000006ca4326b0}> (0x00000006ca4326b0) 
thrown [s\open\src\hotspot\share\prims\jni.cpp, line 520]
Event: 6.616 Thread 0x00000293f8b16520 Exception <a 'sun/nio/fs/WindowsException'{0x00000006ca433090}> (0x00000006ca433090) 
thrown [s\open\src\hotspot\share\prims\jni.cpp, line 520]
Event: 6.617 Thread 0x00000293f8b16520 Exception <a 'sun/nio/fs/WindowsException'{0x00000006ca433420}> (0x00000006ca433420) 
thrown [s\open\src\hotspot\share\prims\jni.cpp, line 520]
Event: 6.617 Thread 0x00000293f8b16520 Exception <a 'sun/nio/fs/WindowsException'{0x00000006ca433dd8}> (0x00000006ca433dd8) 
thrown [s\open\src\hotspot\share\prims\jni.cpp, line 520]
Event: 6.617 Thread 0x00000293f8b16520 Exception <a 'sun/nio/fs/WindowsException'{0x00000006ca434138}> (0x00000006ca434138) 
thrown [s\open\src\hotspot\share\prims\jni.cpp, line 520]
Event: 6.617 Thread 0x00000293f8b16520 Exception <a 'sun/nio/fs/WindowsException'{0x00000006ca434ac0}> (0x00000006ca434ac0) 
thrown [s\open\src\hotspot\share\prims\jni.cpp, line 520]
Event: 6.617 Thread 0x00000293f8b16520 Exception <a 'sun/nio/fs/WindowsException'{0x00000006ca434df0}> (0x00000006ca434df0) 
thrown [s\open\src\hotspot\share\prims\jni.cpp, line 520]
Event: 6.617 Thread 0x00000293f8b16520 Exception <a 'sun/nio/fs/WindowsException'{0x00000006ca435780}> (0x00000006ca435780) 
thrown [s\open\src\hotspot\share\prims\jni.cpp, line 520]
Event: 6.617 Thread 0x00000293f8b16520 Exception <a 'sun/nio/fs/WindowsException'{0x00000006ca435ac8}> (0x00000006ca435ac8) 
thrown [s\open\src\hotspot\share\prims\jni.cpp, line 520]
Event: 6.617 Thread 0x00000293f8b16520 Exception <a 'sun/nio/fs/WindowsException'{0x00000006ca436458}> (0x00000006ca436458) 
thrown [s\open\src\hotspot\share\prims\jni.cpp, line 520]
Event: 6.617 Thread 0x00000293f8b16520 Exception <a 'sun/nio/fs/WindowsException'{0x00000006ca436788}> (0x00000006ca436788) 
thrown [s\open\src\hotspot\share\prims\jni.cpp, line 520]
Event: 6.617 Thread 0x00000293f8b16520 Exception <a 'sun/nio/fs/WindowsException'{0x00000006ca437118}> (0x00000006ca437118) 
thrown [s\open\src\hotspot\share\prims\jni.cpp, line 520]
Event: 6.617 Thread 0x00000293f8b16520 Exception <a 'sun/nio/fs/WindowsException'{0x00000006ca437460}> (0x00000006ca437460) 
thrown [s\open\src\hotspot\share\prims\jni.cpp, line 520]
Event: 6.617 Thread 0x00000293f8b16520 Exception <a 'sun/nio/fs/WindowsException'{0x00000006ca437e18}> (0x00000006ca437e18) 
thrown [s\open\src\hotspot\share\prims\jni.cpp, line 520]
Event: 6.617 Thread 0x00000293f8b16520 Exception <a 'sun/nio/fs/WindowsException'{0x00000006ca438178}> (0x00000006ca438178) 
thrown [s\open\src\hotspot\share\prims\jni.cpp, line 520]
Event: 6.617 Thread 0x00000293f8b16520 Exception <a 'sun/nio/fs/WindowsException'{0x00000006ca438b48}> (0x00000006ca438b48) 
thrown [s\open\src\hotspot\share\prims\jni.cpp, line 520]
Event: 6.617 Thread 0x00000293f8b16520 Exception <a 'sun/nio/fs/WindowsException'{0x00000006ca438ec8}> (0x00000006ca438ec8) 
thrown [s\open\src\hotspot\share\prims\jni.cpp, line 520]
Event: 6.618 Thread 0x00000293f8b16520 Exception <a 'sun/nio/fs/WindowsException'{0x00000006ca439880}> (0x00000006ca439880) 
thrown [s\open\src\hotspot\share\prims\jni.cpp, line 520]
Event: 6.618 Thread 0x00000293f8b16520 Exception <a 'sun/nio/fs/WindowsException'{0x00000006ca439bf8}> (0x00000006ca439bf8) 
thrown [s\open\src\hotspot\share\prims\jni.cpp, line 520]

ZGC Phase Switch (0 events):
No events

VM Operations (20 events):
Event: 5.484 Executing VM operation: HandshakeAllThreads (Deoptimize)
Event: 5.484 Executing VM operation: HandshakeAllThreads (Deoptimize) done
Event: 5.485 Executing VM operation: HandshakeAllThreads (Deoptimize)
Event: 5.485 Executing VM operation: HandshakeAllThreads (Deoptimize) done
Event: 5.603 Executing VM operation: ICBufferFull
Event: 5.603 Executing VM operation: ICBufferFull done
Event: 5.660 Executing VM operation: G1CollectForAllocation (G1 Evacuation Pause)
Event: 5.665 Executing VM operation: G1CollectForAllocation (G1 Evacuation Pause) done
Event: 5.766 Executing VM operation: HandshakeAllThreads (Deoptimize)
Event: 5.766 Executing VM operation: HandshakeAllThreads (Deoptimize) done
Event: 5.791 Executing VM operation: HandshakeAllThreads (Deoptimize)
Event: 5.791 Executing VM operation: HandshakeAllThreads (Deoptimize) done
Event: 5.792 Executing VM operation: HandshakeAllThreads (Deoptimize)
Event: 5.792 Executing VM operation: HandshakeAllThreads (Deoptimize) done
Event: 6.042 Executing VM operation: ICBufferFull
Event: 6.042 Executing VM operation: ICBufferFull done
Event: 6.158 Executing VM operation: HandshakeAllThreads (Deoptimize)
Event: 6.158 Executing VM operation: HandshakeAllThreads (Deoptimize) done
Event: 6.338 Executing VM operation: G1CollectForAllocation (G1 Evacuation Pause)
Event: 6.358 Executing VM operation: G1CollectForAllocation (G1 Evacuation Pause) done

Memory protections (0 events):
No events

Nmethod flushes (20 events):
Event: 5.183 Thread 0x00000293ae3654c0 flushing  nmethod 0x0000029396717990
Event: 5.183 Thread 0x00000293ae3654c0 flushing  nmethod 0x0000029396718f10
Event: 5.183 Thread 0x00000293ae3654c0 flushing  nmethod 0x0000029396768a90
Event: 5.183 Thread 0x00000293ae3654c0 flushing  nmethod 0x0000029396768e90
Event: 5.183 Thread 0x00000293ae3654c0 flushing  nmethod 0x0000029396772390
Event: 5.183 Thread 0x00000293ae3654c0 flushing  nmethod 0x000002939683b790
Event: 5.183 Thread 0x00000293ae3654c0 flushing  nmethod 0x0000029396888d90
Event: 5.183 Thread 0x00000293ae3654c0 flushing  nmethod 0x0000029396902890
Event: 5.183 Thread 0x00000293ae3654c0 flushing  nmethod 0x00000293969a3210
Event: 5.183 Thread 0x00000293ae3654c0 flushing  nmethod 0x00000293969a4490
Event: 5.183 Thread 0x00000293ae3654c0 flushing  nmethod 0x0000029396a25790
Event: 5.183 Thread 0x00000293ae3654c0 flushing  nmethod 0x0000029396b32810
Event: 5.183 Thread 0x00000293ae3654c0 flushing  nmethod 0x0000029396b75e10
Event: 5.183 Thread 0x00000293ae3654c0 flushing  nmethod 0x0000029396b76d10
Event: 5.183 Thread 0x00000293ae3654c0 flushing  nmethod 0x0000029396b77290
Event: 5.183 Thread 0x00000293ae3654c0 flushing  nmethod 0x0000029396b77690
Event: 5.183 Thread 0x00000293ae3654c0 flushing  nmethod 0x0000029396b77c90
Event: 5.183 Thread 0x00000293ae3654c0 flushing  nmethod 0x0000029396b7b010
Event: 5.183 Thread 0x00000293ae3654c0 flushing  nmethod 0x0000029396b7c590
Event: 5.183 Thread 0x00000293ae3654c0 flushing osr nmethod 0x0000029396b7df10

Events (20 events):
Event: 6.585 Thread 0x00000293f8b12380 Thread exited: 0x00000293f8b12380
Event: 6.585 Thread 0x00000293f8b15e90 Thread exited: 0x00000293f8b15e90
Event: 6.585 Thread 0x00000293f8b178d0 Thread exited: 0x00000293f8b178d0
Event: 6.585 Thread 0x00000293f8b15800 Thread exited: 0x00000293f8b15800
Event: 6.585 Thread 0x00000293f8b19310 Thread exited: 0x00000293f8b19310
Event: 6.585 Thread 0x00000293f8b16520 Thread exited: 0x00000293f8b16520
Event: 6.585 Thread 0x00000293f8b18c80 Thread exited: 0x00000293f8b18c80
Event: 6.614 Thread 0x00000293f494f910 Thread added: 0x00000293f8b13730
Event: 6.614 Thread 0x00000293f8b13730 Thread added: 0x00000293f8b16520
Event: 6.614 Thread 0x00000293f8b13730 Thread added: 0x00000293f8b14ae0
Event: 6.614 Thread 0x00000293f8b13730 Thread added: 0x00000293f8b12380
Event: 6.615 Thread 0x00000293f8b13730 Thread added: 0x00000293f8b130a0
Event: 6.615 Thread 0x00000293f8b13730 Thread added: 0x00000293f8b14450
Event: 6.615 Thread 0x00000293f8b13730 Thread added: 0x00000293f8b15170
Event: 6.615 Thread 0x00000293f8b13730 Thread added: 0x00000293f8b178d0
Event: 6.618 Thread 0x00000293f8b13730 Thread added: 0x00000293f8b15800
Event: 6.619 Thread 0x00000293f8b13730 Thread added: 0x00000293f8b17f60
Event: 6.625 Thread 0x00000293f8b13730 Thread added: 0x00000293f8b15e90
Event: 6.627 Thread 0x00000293f8b13730 Thread added: 0x00000293f8b16bb0
Event: 6.633 Thread 0x00000293f8b13730 Thread added: 0x00000293f8b199a0


Dynamic libraries:
0x00007ff7bb6e0000 - 0x00007ff7bb6f0000 	C:\Program Files\Java\jdk-22\bin\java.exe
0x00007ffe5c070000 - 0x00007ffe5c287000 	C:\WINDOWS\SYSTEM32\ntdll.dll
0x00007ffe5aa50000 - 0x00007ffe5ab14000 	C:\WINDOWS\System32\KERNEL32.DLL
0x00007ffe597b0000 - 0x00007ffe59b5d000 	C:\WINDOWS\System32\KERNELBASE.dll
0x00007ffe59390000 - 0x00007ffe594a1000 	C:\WINDOWS\System32\ucrtbase.dll
0x00007ffe41fc0000 - 0x00007ffe41fd7000 	C:\Program Files\Java\jdk-22\bin\jli.dll
0x00007ffe44660000 - 0x00007ffe4467b000 	C:\Program Files\Java\jdk-22\bin\VCRUNTIME140.dll
0x00007ffe5a3e0000 - 0x00007ffe5a58e000 	C:\WINDOWS\System32\USER32.dll
0x00007ffe59cb0000 - 0x00007ffe59cd6000 	C:\WINDOWS\System32\win32u.dll
0x00007ffe41710000 - 0x00007ffe419a3000 	C:\WINDOWS\WinSxS\amd64_microsoft.windows.common-controls_6595b64144ccf1df_6.0.22621.3672_none_2713b9d173822955\COMCTL32.dll
0x00007ffe59eb0000 - 0x00007ffe59f57000 	C:\WINDOWS\System32\msvcrt.dll
0x00007ffe5a750000 - 0x00007ffe5a779000 	C:\WINDOWS\System32\GDI32.dll
0x00007ffe59b90000 - 0x00007ffe59ca9000 	C:\WINDOWS\System32\gdi32full.dll
0x00007ffe59710000 - 0x00007ffe597aa000 	C:\WINDOWS\System32\msvcp_win.dll
0x00007ffe5b9c0000 - 0x00007ffe5b9f1000 	C:\WINDOWS\System32\IMM32.DLL
0x00007ffe42200000 - 0x00007ffe4220c000 	C:\Program Files\Java\jdk-22\bin\vcruntime140_1.dll
0x00007ffded3e0000 - 0x00007ffded46e000 	C:\Program Files\Java\jdk-22\bin\msvcp140.dll
0x00007ffdd7130000 - 0x00007ffdd7e79000 	C:\Program Files\Java\jdk-22\bin\server\jvm.dll
0x00007ffe5be50000 - 0x00007ffe5bf02000 	C:\WINDOWS\System32\ADVAPI32.dll
0x00007ffe5b910000 - 0x00007ffe5b9b9000 	C:\WINDOWS\System32\sechost.dll
0x00007ffe59b60000 - 0x00007ffe59b88000 	C:\WINDOWS\System32\bcrypt.dll
0x00007ffe5ba00000 - 0x00007ffe5bb14000 	C:\WINDOWS\System32\RPCRT4.dll
0x00007ffe5a810000 - 0x00007ffe5a881000 	C:\WINDOWS\System32\WS2_32.dll
0x00007ffe51a10000 - 0x00007ffe51a1a000 	C:\WINDOWS\SYSTEM32\VERSION.dll
0x00007ffe54650000 - 0x00007ffe54684000 	C:\WINDOWS\SYSTEM32\WINMM.dll
0x00007ffe580f0000 - 0x00007ffe5813d000 	C:\WINDOWS\SYSTEM32\POWRPROF.dll
0x00007ffe580d0000 - 0x00007ffe580e3000 	C:\WINDOWS\SYSTEM32\UMPDC.dll
0x00007ffe58380000 - 0x00007ffe58398000 	C:\WINDOWS\SYSTEM32\kernel.appcore.dll
0x00007ffe42020000 - 0x00007ffe4202a000 	C:\Program Files\Java\jdk-22\bin\jimage.dll
0x00007ffe56c20000 - 0x00007ffe56e52000 	C:\WINDOWS\SYSTEM32\DBGHELP.DLL
0x00007ffe5b3f0000 - 0x00007ffe5b77d000 	C:\WINDOWS\System32\combase.dll
0x00007ffe5b780000 - 0x00007ffe5b857000 	C:\WINDOWS\System32\OLEAUT32.dll
0x00007ffe2e730000 - 0x00007ffe2e762000 	C:\WINDOWS\SYSTEM32\dbgcore.DLL
0x00007ffe594b0000 - 0x00007ffe5952b000 	C:\WINDOWS\System32\bcryptPrimitives.dll
0x00007ffe53ce0000 - 0x00007ffe53cef000 	C:\Program Files\Java\jdk-22\bin\instrument.dll
0x00007ffe2f300000 - 0x00007ffe2f31e000 	C:\Program Files\Java\jdk-22\bin\java.dll
0x00007ffe5ab80000 - 0x00007ffe5b3e8000 	C:\WINDOWS\System32\SHELL32.dll
0x00007ffe5a8a0000 - 0x00007ffe5aa45000 	C:\WINDOWS\System32\ole32.dll
0x00007ffe56fc0000 - 0x00007ffe578be000 	C:\WINDOWS\SYSTEM32\windows.storage.dll
0x00007ffe56e80000 - 0x00007ffe56fbf000 	C:\WINDOWS\SYSTEM32\wintypes.dll
0x00007ffe5bf30000 - 0x00007ffe5c029000 	C:\WINDOWS\System32\SHCORE.dll
0x00007ffe59dc0000 - 0x00007ffe59e1e000 	C:\WINDOWS\System32\shlwapi.dll
0x00007ffe592c0000 - 0x00007ffe592e1000 	C:\WINDOWS\SYSTEM32\profapi.dll
0x00007ffdebc60000 - 0x00007ffdebd37000 	C:\Program Files\Java\jdk-22\bin\jsvml.dll
0x00007ffe0f360000 - 0x00007ffe0f377000 	C:\Program Files\Java\jdk-22\bin\zip.dll
0x00007ffe41630000 - 0x00007ffe41640000 	C:\Program Files\Java\jdk-22\bin\net.dll
0x00007ffe58920000 - 0x00007ffe58989000 	C:\WINDOWS\system32\mswsock.dll
0x00007ffe20d90000 - 0x00007ffe20da6000 	C:\Program Files\Java\jdk-22\bin\nio.dll
0x00007ffe3ecd0000 - 0x00007ffe3ecea000 	C:\Program Files\JetBrains\IntelliJ IDEA Community Edition 2024.2.1\bin\breakgen64.dll
0x00007ffe3ff40000 - 0x00007ffe3ff49000 	C:\Program Files\Java\jdk-22\bin\extnet.dll
0x00007ffe53cd0000 - 0x00007ffe53cda000 	C:\Program Files\Java\jdk-22\bin\management.dll
0x00007ffe53cc0000 - 0x00007ffe53ccb000 	C:\Program Files\Java\jdk-22\bin\management_ext.dll
0x00007ffe5a740000 - 0x00007ffe5a748000 	C:\WINDOWS\System32\PSAPI.DLL
0x00007ffe57b20000 - 0x00007ffe57b4d000 	C:\WINDOWS\SYSTEM32\IPHLPAPI.DLL
0x00007ffe59ea0000 - 0x00007ffe59ea9000 	C:\WINDOWS\System32\NSI.dll
0x00007ffe57b50000 - 0x00007ffe57c48000 	C:\WINDOWS\SYSTEM32\DNSAPI.dll
0x00007ffe4fcd0000 - 0x00007ffe4fcda000 	C:\Windows\System32\rasadhlp.dll
0x00007ffe543a0000 - 0x00007ffe54423000 	C:\WINDOWS\System32\fwpuclnt.dll
0x00007ffe53c80000 - 0x00007ffe53c8b000 	C:\Program Files\Java\jdk-22\bin\le.dll
0x00007ffe53cb0000 - 0x00007ffe53cbe000 	C:\Program Files\Java\jdk-22\bin\sunmscapi.dll
0x00007ffe595a0000 - 0x00007ffe59707000 	C:\WINDOWS\System32\CRYPT32.dll
0x00007ffe58cc0000 - 0x00007ffe58cee000 	C:\WINDOWS\SYSTEM32\ncrypt.dll
0x00007ffe58c80000 - 0x00007ffe58cb7000 	C:\WINDOWS\SYSTEM32\NTASN1.dll
0x00007ffe58bc0000 - 0x00007ffe58bdb000 	C:\WINDOWS\SYSTEM32\CRYPTSP.dll
0x00007ffe582e0000 - 0x00007ffe58315000 	C:\WINDOWS\system32\rsaenh.dll
0x00007ffe589c0000 - 0x00007ffe589e8000 	C:\WINDOWS\SYSTEM32\USERENV.dll
0x00007ffe58ba0000 - 0x00007ffe58bac000 	C:\WINDOWS\SYSTEM32\CRYPTBASE.dll
0x00007ffe3ee90000 - 0x00007ffe3eea0000 	C:\Program Files\Java\jdk-22\bin\verify.dll

dbghelp: loaded successfully - version: 4.0.5 - missing functions: none
symbol engine: initialized successfully - sym options: 0x614 - pdb path: .;C:\Program Files\Java\jdk-22\bin;C:\WINDOWS\SYSTEM32;C:\WINDOWS\WinSxS\amd64_microsoft.windows.common-controls_6595b64144ccf1df_6.0.22621.3672_none_2713b9d173822955;C:\Program Files\Java\jdk-22\bin\server;C:\Program Files\JetBrains\IntelliJ IDEA Community Edition 2024.2.1\bin

VM Arguments:
jvm_args: -javaagent:C:\Program Files\JetBrains\IntelliJ IDEA Community Edition 2024.2.1\lib\idea_rt.jar=58950:C:\Program Files\JetBrains\IntelliJ IDEA Community Edition 2024.2.1\bin -Dfile.encoding=UTF-8 -Dsun.stdout.encoding=UTF-8 -Dsun.stderr.encoding=UTF-8 
java_command: com.CRUD.sitema_de_cadastro.SitemaDeCadastroApplication
java_class_path (initial): C:\Users\BrunoAlcantara\Documents\Estudo-Java\sistema-de-cadastro\target\classes;C:\Users\BrunoAlcantara\.m2\repository\org\springframework\boot\spring-boot-starter-data-jpa\3.3.3\spring-boot-starter-data-jpa-3.3.3.jar;C:\Users\BrunoAlcantara\.m2\repository\org\springframework\boot\spring-boot-starter-aop\3.3.3\spring-boot-starter-aop-3.3.3.jar;C:\Users\BrunoAlcantara\.m2\repository\org\springframework\spring-aop\6.1.12\spring-aop-6.1.12.jar;C:\Users\BrunoAlcantara\.m2\repository\org\aspectj\aspectjweaver\1.9.22.1\aspectjweaver-1.9.22.1.jar;C:\Users\BrunoAlcantara\.m2\repository\org\springframework\boot\spring-boot-starter-jdbc\3.3.3\spring-boot-starter-jdbc-3.3.3.jar;C:\Users\BrunoAlcantara\.m2\repository\com\zaxxer\HikariCP\5.1.0\HikariCP-5.1.0.jar;C:\Users\BrunoAlcantara\.m2\repository\org\springframework\spring-jdbc\6.1.12\spring-jdbc-6.1.12.jar;C:\Users\BrunoAlcantara\.m2\repository\org\hibernate\orm\hibernate-core\6.5.2.Final\hibernate-core-6.5.2.Final.jar;C:\Users\BrunoAlcantara\.m2\repository\jakarta\persistence\jakarta.persistence-api\3.1.0\jakarta.persistence-api-3.1.0.jar;C:\Users\BrunoAlcantara\.m2\repository\jakarta\transaction\jakarta.transaction-api\2.0.1\jakarta.transaction-api-2.0.1.jar;C:\Users\BrunoAlcantara\.m2\repository\org\jboss\logging\jboss-logging\3.5.3.Final\jboss-logging-3.5.3.Final.jar;C:\Users\BrunoAlcantara\.m2\repository\org\hibernate\common\hibernate-commons-annotations\6.0.6.Final\hibernate-commons-annotations-6.0.6.Final.jar;C:\Users\BrunoAlcantara\.m2\repository\io\smallrye\jandex\3.1.2\jandex-3.1.2.jar;C:\Users\BrunoAlcantara\.m2\repository\com\fasterxml\classmate\1.7.0\classmate-1.7.0.jar;C:\Users\BrunoAlcantara\.m2\repository\net\bytebuddy\byte-buddy\1.14.19\byte-buddy-1.14.19.jar;C:\Users\BrunoAlcantara\.m2\repository\org\glassfish\jaxb\jaxb-runtime\4.0.5\jaxb-runtime-4.0.5.jar;C:\Users\BrunoAlcantara\.m2\repository\org\glassfish\jaxb\jaxb-core\4.0.5\jaxb-core-4.0.5.jar;C:\Users\BrunoAlcantara\.m2\repository\org\eclipse\angus\angus-activation\2.0.2\angus-activation-2.0.2.jar;C:\Users\BrunoAlcantara\.m2\repository\org\glassfish\jaxb\txw2\4.0.5\txw2-4.0.5.jar;C:\Users\BrunoAlcantara\.m2\repository\com\sun\istack\istack-commons-runtime\4.1.2\istack-commons-runtime-4.1.2.jar;C:\Users\BrunoAlcantara\.m2\repository\jakarta\inject\jakarta.inject-api\2.0.1\jakarta.inject-api-2.0.1.jar;C:\Users\BrunoAlcantara\.m2\repository\org\antlr\antlr4-runtime\4.13.0\antlr4-runtime-4.13.0.jar;C:\Users\BrunoAlcantara\.m2\repository\org\springframework\data\spring-data-jpa\3.3.3\spring-data-jpa-3.3.3.jar;C:\Users\BrunoAlcantara\.m2\repository\org\springframework\data\spring-data-commons\3.3.3\spring-data-commons-3.3.3.jar;C:\Users\BrunoAlcantara\.m2\repository\org\springframework\spring-orm\6.1.12\spring-orm-6.1.12.jar;C:\Users\BrunoAlcantara\.m2\repository\org\springframework\spring-context\6.1.12\spring-context-6.1.12.jar;C:\Users\BrunoAlcantara\.m2\repository\org\springframework\spring-tx\6.1.12\spring-tx-6.1.12.jar;C:\Users\BrunoAlcantara\.m2\repository\org\springframework\spring-beans\6.1.12\spring-beans-6.1.12.jar;C:\Users\BrunoAlcantara\.m2\repository\jakarta\annotation\jakarta.annotation-api\2.1.1\jakarta.annotation-api-2.1.1.jar;C:\Users\BrunoAlcantara\.m2\repository\org\slf4j\slf4j-api\2.0.16\slf4j-api-2.0.16.jar;C:\Users\BrunoAlcantara\.m2\repository\org\springframework\spring-aspects\6.1.12\spring-aspects-6.1.12.jar;C:\Users\BrunoAlcantara\.m2\repository\org\springframework\boot\spring-boot-starter-web\3.3.3\spring-boot-starter-web-3.3.3.jar;C:\Users\BrunoAlcantara\.m2\repository\org\springframework\boot\spring-boot-starter\3.3.3\spring-boot-starter-3.3.3.jar;C:\Users\BrunoAlcantara\.m2\repository\org\springframework\boot\spring-boot-starter-logging\3.3.3\spring-boot-starter-logging-3.3.3.jar;C:\Users\BrunoAlcantara\.m2\repository\ch\qos\logback\logback-classic\1.5.7\logback-classic-1.5.7.jar;C:\Users\BrunoAlcantara\.m2\repository\ch\qos\logback\logback-core\1.5.7\logback-core-1.5.7.jar;C:\Users\BrunoAlcantara\.m2\repository\org\apache\logging\log4j\log4j-to-slf4j\2.23.1\log4j-to-slf4j-2.23.1.jar;C:\Users\BrunoAlcantara\.m2\repository\org\apache\logging\log4j\log4j-api\2.23.1\log4j-api-2.23.1.jar;C:\Users\BrunoAlcantara\.m2\repository\org\slf4j\jul-to-slf4j\2.0.16\jul-to-slf4j-2.0.16.jar;C:\Users\BrunoAlcantara\.m2\repository\org\yaml\snakeyaml\2.2\snakeyaml-2.2.jar;C:\Users\BrunoAlcantara\.m2\repository\org\springframework\boot\spring-boot-starter-json\3.3.3\spring-boot-starter-json-3.3.3.jar;C:\Users\BrunoAlcantara\.m2\repository\com\fasterxml\jackson\core\jackson-databind\2.17.2\jackson-databind-2.17.2.jar;C:\Users\BrunoAlcantara\.m2\repository\com\fasterxml\jackson\core\jackson-annotations\2.17.2\jackson-annotations-2.17.2.jar;C:\Users\BrunoAlcantara\.m2\repository\com\fasterxml\jackson\core\jackson-core\2.17.2\jackson-core-2.17.2.jar;C:\Users\BrunoAlcantara\.m2\repository\com\fasterxml\jackson\datatype\jackson-datatype-jdk8\2.17.2\jackson-datatype-jdk8-2.17.2.jar;C:\Users\BrunoAlcantara\.m2\repository\com\fasterxml\jackson\datatype\jackson-datatype-jsr310\2.17.2\jackson-datatype-jsr310-2.17.2.jar;C:\Users\BrunoAlcantara\.m2\repository\com\fasterxml\jackson\module\jackson-module-parameter-names\2.17.2\jackson-module-parameter-names-2.17.2.jar;C:\Users\BrunoAlcantara\.m2\repository\org\springframework\boot\spring-boot-starter-tomcat\3.3.3\spring-boot-starter-tomcat-3.3.3.jar;C:\Users\BrunoAlcantara\.m2\repository\org\apache\tomcat\embed\tomcat-embed-core\10.1.28\tomcat-embed-core-10.1.28.jar;C:\Users\BrunoAlcantara\.m2\repository\org\apache\tomcat\embed\tomcat-embed-el\10.1.28\tomcat-embed-el-10.1.28.jar;C:\Users\BrunoAlcantara\.m2\repository\org\apache\tomcat\embed\tomcat-embed-websocket\10.1.28\tomcat-embed-websocket-10.1.28.jar;C:\Users\BrunoAlcantara\.m2\repository\org\springframework\spring-web\6.1.12\spring-web-6.1.12.jar;C:\Users\BrunoAlcantara\.m2\repository\io\micrometer\micrometer-observation\1.13.3\micrometer-observation-1.13.3.jar;C:\Users\BrunoAlcantara\.m2\repository\io\micrometer\micrometer-commons\1.13.3\micrometer-commons-1.13.3.jar;C:\Users\BrunoAlcantara\.m2\repository\org\springframework\spring-webmvc\6.1.12\spring-webmvc-6.1.12.jar;C:\Users\BrunoAlcantara\.m2\repository\org\springframework\spring-expression\6.1.12\spring-expression-6.1.12.jar;C:\Users\BrunoAlcantara\.m2\repository\org\springframework\cloud\spring-cloud-starter-openfeign\4.1.3\spring-cloud-starter-openfeign-4.1.3.jar;C:\Users\BrunoAlcantara\.m2\repository\org\springframework\cloud\spring-cloud-starter\4.1.4\spring-cloud-starter-4.1.4.jar;C:\Users\BrunoAlcantara\.m2\repository\org\springframework\cloud\spring-cloud-context\4.1.4\spring-cloud-context-4.1.4.jar;C:\Users\BrunoAlcantara\.m2\repository\org\springframework\security\spring-security-rsa\1.1.3\spring-security-rsa-1.1.3.jar;C:\Users\BrunoAlcantara\.m2\repository\org\bouncycastle\bcprov-jdk18on\1.78\bcprov-jdk18on-1.78.jar;C:\Users\BrunoAlcantara\.m2\repository\org\springframework\cloud\spring-cloud-openfeign-core\4.1.3\spring-cloud-openfeign-core-4.1.3.jar;C:\Users\BrunoAlcantara\.m2\repository\io\github\openfeign\form\feign-form-spring\3.8.0\feign-form-spring-3.8.0.jar;C:\Users\BrunoAlcantara\.m2\repository\io\github\openfeign\form\feign-form\3.8.0\feign-form-3.8.0.jar;C:\Users\BrunoAlcantara\.m2\repository\commons-fileupload\commons-fileupload\1.5\commons-fileupload-1.5.jar;C:\Users\BrunoAlcantara\.m2\repository\commons-io\commons-io\2.11.0\commons-io-2.11.0.jar;C:\Users\BrunoAlcantara\.m2\repository\org\springframework\cloud\spring-cloud-commons\4.1.4\spring-cloud-commons-4.1.4.jar;C:\Users\BrunoAlcantara\.m2\repository\org\springframework\security\spring-security-crypto\6.3.3\spring-security-crypto-6.3.3.jar;C:\Users\BrunoAlcantara\.m2\repository\io\github\openfeign\feign-core\13.3\feign-core-13.3.jar;C:\Users\BrunoAlcantara\.m2\repository\io\github\openfeign\feign-slf4j\13.3\feign-slf4j-13.3.jar;C:\Users\BrunoAlcantara\.m2\repository\org\springdoc\springdoc-openapi-starter-webmvc-ui\2.0.2\springdoc-openapi-starter-webmvc-ui-2.0.2.jar;C:\Users\BrunoAlcantara\.m2\repository\org\springdoc\springdoc-openapi-starter-webmvc-api\2.0.2\springdoc-openapi-starter-webmvc-api-2.0.2.jar;C:\Users\BrunoAlcantara\.m2\repository\org\springdoc\springdoc-openapi-starter-common\2.0.2\springdoc-openapi-starter-common-2.0.2.jar;C:\Users\BrunoAlcantara\.m2\repository\io\swagger\core\v3\swagger-core-jakarta\2.2.7\swagger-core-jakarta-2.2.7.jar;C:\Users\BrunoAlcantara\.m2\repository\org\apache\commons\commons-lang3\3.14.0\commons-lang3-3.14.0.jar;C:\Users\BrunoAlcantara\.m2\repository\io\swagger\core\v3\swagger-annotations-jakarta\2.2.7\swagger-annotations-jakarta-2.2.7.jar;C:\Users\BrunoAlcantara\.m2\repository\io\swagger\core\v3\swagger-models-jakarta\2.2.7\swagger-models-jakarta-2.2.7.jar;C:\Users\BrunoAlcantara\.m2\repository\jakarta\validation\jakarta.validation-api\3.0.2\jakarta.validation-api-3.0.2.jar;C:\Users\BrunoAlcantara\.m2\repository\com\fasterxml\jackson\dataformat\jackson-dataformat-yaml\2.17.2\jackson-dataformat-yaml-2.17.2.jar;C:\Users\BrunoAlcantara\.m2\repository\org\webjars\swagger-ui\4.15.5\swagger-ui-4.15.5.jar;C:\Users\BrunoAlcantara\.m2\repository\org\webjars\webjars-locator-core\0.58\webjars-locator-core-0.58.jar;C:\Users\BrunoAlcantara\.m2\repository\io\github\classgraph\classgraph\4.8.149\classgraph-4.8.149.jar;C:\Users\BrunoAlcantara\.m2\repository\org\springframework\boot\spring-boot-devtools\3.3.3\spring-boot-devtools-3.3.3.jar;C:\Users\BrunoAlcantara\.m2\repository\org\springframework\boot\spring-boot\3.3.3\spring-boot-3.3.3.jar;C:\Users\BrunoAlcantara\.m2\repository\org\springframework\boot\spring-boot-autoconfigure\3.3.3\spring-boot-autoconfigure-3.3.3.jar;C:\Users\BrunoAlcantara\.m2\repository\com\h2database\h2\2.2.224\h2-2.2.224.jar;C:\Users\BrunoAlcantara\.m2\repository\org\postgresql\postgresql\42.7.3\postgresql-42.7.3.jar;C:\Users\BrunoAlcantara\.m2\repository\org\checkerframework\checker-qual\3.42.0\checker-qual-3.42.0.jar;C:\Users\BrunoAlcantara\.m2\repository\jakarta\xml\bind\jakarta.xml.bind-api\4.0.2\jakarta.xml.bind-api-4.0.2.jar;C:\Users\BrunoAlcantara\.m2\repository\jakarta\activation\jakarta.activation-api\2.1.3\jakarta.activation-api-2.1.3.jar;C:\Users\BrunoAlcantara\.m2\repository\org\springframework\spring-core\6.1.12\spring-core-6.1.12.jar;C:\Users\BrunoAlcantara\.m2\repository\org\springframework\spring-jcl\6.1.12\spring-jcl-6.1.12.jar
Launcher Type: SUN_STANDARD

[Global flags]
     intx CICompilerCount                          = 4                                         {product} {ergonomic}
     uint ConcGCThreads                            = 2                                         {product} {ergonomic}
     uint G1ConcRefinementThreads                  = 8                                         {product} {ergonomic}
   size_t G1HeapRegionSize                         = 4194304                                   {product} {ergonomic}
   size_t InitialHeapSize                          = 335544320                                 {product} {ergonomic}
   size_t MarkStackSize                            = 4194304                                   {product} {ergonomic}
   size_t MaxHeapSize                              = 5339348992                                {product} {ergonomic}
   size_t MaxNewSize                               = 3200253952                                {product} {ergonomic}
   size_t MinHeapDeltaBytes                        = 4194304                                   {product} {ergonomic}
   size_t MinHeapSize                              = 8388608                                   {product} {ergonomic}
    uintx NonNMethodCodeHeapSize                   = 5839372                                {pd product} {ergonomic}
    uintx NonProfiledCodeHeapSize                  = 122909434                              {pd product} {ergonomic}
    uintx ProfiledCodeHeapSize                     = 122909434                              {pd product} {ergonomic}
    uintx ReservedCodeCacheSize                    = 251658240                              {pd product} {ergonomic}
     bool SegmentedCodeCache                       = true                                      {product} {ergonomic}
   size_t SoftMaxHeapSize                          = 5339348992                             {manageable} {ergonomic}
     bool UseCompressedOops                        = true                           {product lp64_product} {ergonomic}
     bool UseG1GC                                  = true                                      {product} {ergonomic}
     bool UseLargePagesIndividualAllocation        = false                                  {pd product} {ergonomic}

Logging:
Log output configuration:
 #0: stdout all=warning uptime,level,tags foldmultilines=false
 #1: stderr all=off uptime,level,tags foldmultilines=false

Environment Variables:
PATH=C:\Program Files\Common Files\Oracle\Java\javapath;C:\Program Files (x86)\Common Files\Oracle\Java\java8path;C:\Program Files (x86)\Common Files\Oracle\Java\javapath;C:\Windows\system32;C:\Windows;C:\Windows\System32\Wbem;C:\Windows\System32\WindowsPowerShell\v1.0\;C:\Windows\System32\OpenSSH\;C:\Program Files (x86)\NVIDIA Corporation\PhysX\Common;C:\Program Files\NVIDIA Corporation\NVIDIA NvDLISR;C:\WINDOWS\system32;C:\WINDOWS;C:\WINDOWS\System32\Wbem;C:\WINDOWS\System32\WindowsPowerShell\v1.0\;C:\WINDOWS\System32\OpenSSH\;C:\Program Files\Git\cmd;C:\Users\BrunoAlcantara\AppData\Local\Microsoft\WindowsApps;C:\Users\BrunoAlcantara\AppData\Local\Programs\Microsoft VS Code\bin
USERNAME=BrunoAlcantara
OS=Windows_NT
PROCESSOR_IDENTIFIER=Intel64 Family 6 Model 142 Stepping 12, GenuineIntel
TMP=C:\Users\BRUNOA~1\AppData\Local\Temp
TEMP=C:\Users\BRUNOA~1\AppData\Local\Temp




Periodic native trim disabled

---------------  S Y S T E M  ---------------

OS:
 Windows 11 , 64 bit Build 22621 (10.0.22621.3958)
OS uptime: 1 days 4:51 hours
Hyper-V role detected

CPU: total 8 (initial active 8) (4 cores per cpu, 2 threads per core) family 6 model 142 stepping 12 microcode 0xde, cx8, cmov, fxsr, ht, mmx, 3dnowpref, sse, sse2, sse3, ssse3, sse4.1, sse4.2, popcnt, lzcnt, tsc, tscinvbit, avx, avx2, aes, erms, clmul, bmi1, bmi2, adx, fma, vzeroupper, clflush, clflushopt, hv, rdtscp, f16c
Processor Information for all 8 processors :
  Max Mhz: 1992, Current Mhz: 1792, Mhz Limit: 1792

Memory: 4k page, system-wide physical 20360M (7464M free)
TotalPageFile size 23432M (AvailPageFile size 5829M)
current process WorkingSet (physical memory assigned to process): 411M, peak: 411M
current process commit charge ("private bytes"): 463M, peak: 487M

vm_info: Java HotSpot(TM) 64-Bit Server VM (22.0.2+9-70) for windows-amd64 JRE (22.0.2+9-70), built on 2024-06-04T16:52:23Z by "mach5one" with MS VC++ 17.6 (VS2022)

END.
